#
# There is insufficient memory for the Java Runtime Environment to continue.
# Native memory allocation (malloc) failed to allocate 1048576 bytes. Error detail: AllocateHeap
# Possible reasons:
#   The system is out of physical RAM or swap space
#   This process is running with CompressedOops enabled, and the Java Heap may be blocking the growth of the native heap
# Possible solutions:
#   Reduce memory load on the system
#   Increase physical memory or swap space
#   Check if swap backing store is full
#   Decrease Java heap size (-Xmx/-Xms)
#   Decrease number of Java threads
#   Decrease Java thread stack sizes (-Xss)
#   Set larger code cache with -XX:ReservedCodeCacheSize=
#   JVM is running with Unscaled Compressed Oops mode in which the Java heap is
#     placed in the first 4GB address space. The Java Heap base address is the
#     maximum limit for the native heap growth. Please use -XX:HeapBaseMinAddress
#     to set the Java Heap base and to place the Java Heap above 4GB virtual address.
# This output file may be truncated or incomplete.
#
#  Out of Memory Error (allocation.cpp:44), pid=3068, tid=8864
#
# JRE version:  (21.0.5) (build )
# Java VM: OpenJDK 64-Bit Server VM (21.0.5+-13047016-b750.29, mixed mode, sharing, tiered, compressed oops, compressed class ptrs, g1 gc, windows-amd64)
# No core dump will be written. Minidumps are not enabled by default on client versions of Windows
#

---------------  S U M M A R Y ------------

Command Line: -Dapplication.home=C:\Program Files\Android\Android Studio\jbr --add-modules=ALL-DEFAULT -Xms8m -Djdk.module.main=jdk.jlink jdk.jlink/jdk.tools.jlink.internal.Main --version

Host: Intel(R) Core(TM) i5-5200U CPU @ 2.20GHz, 4 cores, 7G,  Windows 10 , 64 bit Build 19041 (10.0.19041.5438)
Time: Mon Mar 31 20:49:39 2025 Hora estándar central (México) elapsed time: 0.359514 seconds (0d 0h 0m 0s)

---------------  T H R E A D  ---------------

Current thread (0x000001ff22757850):  JavaThread "Unknown thread" [_thread_in_vm, id=8864, stack(0x000000df57b00000,0x000000df57c00000) (1024K)]

Stack: [0x000000df57b00000,0x000000df57c00000]
Native frames: (J=compiled Java code, j=interpreted, Vv=VM code, C=native code)
V  [jvm.dll+0x6cfb29]
V  [jvm.dll+0x85df93]
V  [jvm.dll+0x8604ee]
V  [jvm.dll+0x860bd3]
V  [jvm.dll+0x27e6b6]
V  [jvm.dll+0xba6e7]
V  [jvm.dll+0x3256c5]
V  [jvm.dll+0x82599d]
V  [jvm.dll+0x3bbfa8]
V  [jvm.dll+0x80ec88]
V  [jvm.dll+0x45015e]
V  [jvm.dll+0x4518c1]
C  [jli.dll+0x52ab]
C  [ucrtbase.dll+0x21bb2]
C  [KERNEL32.DLL+0x17374]
C  [ntdll.dll+0x4cc91]


---------------  P R O C E S S  ---------------

Threads class SMR info:
_java_thread_list=0x00007ffe4ce90808, length=0, elements={
}

Java Threads: ( => current thread )
Total: 0

Other Threads:

=>0x000001ff22757850 (exited) JavaThread "Unknown thread"    [_thread_in_vm, id=8864, stack(0x000000df57b00000,0x000000df57c00000) (1024K)]
Total: 1

Threads with active compile tasks:
Total: 0

VM state: not at safepoint (not fully initialized)

VM Mutex/Monitor currently owned by a thread: None

Heap address: 0x0000000000000000, size: 0 MB, Compressed Oops mode: 32-bit

CDS archive(s) mapped at: [0x0000000000000000-0x0000000000000000-0x0000000000000000), size 0, SharedBaseAddress: 0x0000000800000000, ArchiveRelocationMode: 1.
Narrow klass base: 0x0000000000000000, Narrow klass shift: 0, Narrow klass range: 0x0

GC Precious Log:
 CardTable entry size: 512
 Card Set container configuration: InlinePtr #cards 5 size 8 Array Of Cards #cards 12 size 40 Howl #buckets 4 coarsen threshold 1843 Howl Bitmap #cards 512 size 80 coarsen threshold 460 Card regions per heap region 1 cards per card region 2048

GC Heap History (0 events):
No events

Dll operation events (1 events):
Event: 0.304 Loaded shared library C:\Program Files\Android\Android Studio\jbr\bin\java.dll

Deoptimization events (0 events):
No events

Classes loaded (0 events):
No events

Classes unloaded (0 events):
No events

Classes redefined (0 events):
No events

Internal exceptions (0 events):
No events

ZGC Phase Switch (0 events):
No events

VM Operations (0 events):
No events

Memory protections (0 events):
No events

Nmethod flushes (0 events):
No events

Events (0 events):
No events


Dynamic libraries:
0x00007ff6a4c20000 - 0x00007ff6a4c28000 	C:\Program Files\Android\Android Studio\jbr\bin\jlink.exe
0x00007ffe81b70000 - 0x00007ffe81d68000 	C:\WINDOWS\SYSTEM32\ntdll.dll
0x00007ffe80e60000 - 0x00007ffe80f22000 	C:\WINDOWS\System32\KERNEL32.DLL
0x00007ffe7f210000 - 0x00007ffe7f50f000 	C:\WINDOWS\System32\KERNELBASE.dll
0x00007ffe7f6d0000 - 0x00007ffe7f7d0000 	C:\WINDOWS\System32\ucrtbase.dll
0x00007ffe688c0000 - 0x00007ffe688d8000 	C:\Program Files\Android\Android Studio\jbr\bin\jli.dll
0x00007ffe6d8f0000 - 0x00007ffe6d90b000 	C:\Program Files\Android\Android Studio\jbr\bin\VCRUNTIME140.dll
0x00007ffe80ae0000 - 0x00007ffe80c7d000 	C:\WINDOWS\System32\USER32.dll
0x00007ffe7f580000 - 0x00007ffe7f5a2000 	C:\WINDOWS\System32\win32u.dll
0x00007ffe6efe0000 - 0x00007ffe6f27a000 	C:\WINDOWS\WinSxS\amd64_microsoft.windows.common-controls_6595b64144ccf1df_6.0.19041.4355_none_60b8b9eb71f62e16\COMCTL32.dll
0x00007ffe812e0000 - 0x00007ffe8130b000 	C:\WINDOWS\System32\GDI32.dll
0x00007ffe81320000 - 0x00007ffe813be000 	C:\WINDOWS\System32\msvcrt.dll
0x00007ffe7f5b0000 - 0x00007ffe7f6ca000 	C:\WINDOWS\System32\gdi32full.dll
0x00007ffe7fa10000 - 0x00007ffe7faad000 	C:\WINDOWS\System32\msvcp_win.dll
0x00007ffe7fb90000 - 0x00007ffe7fbbf000 	C:\WINDOWS\System32\IMM32.DLL
0x00007ffe774f0000 - 0x00007ffe774fc000 	C:\Program Files\Android\Android Studio\jbr\bin\vcruntime140_1.dll
0x00007ffe572c0000 - 0x00007ffe5734d000 	C:\Program Files\Android\Android Studio\jbr\bin\msvcp140.dll
0x00007ffe4c350000 - 0x00007ffe4cfda000 	C:\Program Files\Android\Android Studio\jbr\bin\server\jvm.dll
0x00007ffe81230000 - 0x00007ffe812df000 	C:\WINDOWS\System32\ADVAPI32.dll
0x00007ffe80f30000 - 0x00007ffe80fcf000 	C:\WINDOWS\System32\sechost.dll
0x00007ffe810f0000 - 0x00007ffe81213000 	C:\WINDOWS\System32\RPCRT4.dll
0x00007ffe7fab0000 - 0x00007ffe7fad7000 	C:\WINDOWS\System32\bcrypt.dll
0x00007ffe80810000 - 0x00007ffe8087b000 	C:\WINDOWS\System32\WS2_32.dll
0x00007ffe7f070000 - 0x00007ffe7f0bb000 	C:\WINDOWS\SYSTEM32\POWRPROF.dll
0x00007ffe73840000 - 0x00007ffe7384a000 	C:\WINDOWS\SYSTEM32\VERSION.dll
0x00007ffe6ff30000 - 0x00007ffe6ff57000 	C:\WINDOWS\SYSTEM32\WINMM.dll
0x00007ffe7f050000 - 0x00007ffe7f062000 	C:\WINDOWS\SYSTEM32\UMPDC.dll
0x00007ffe7d270000 - 0x00007ffe7d282000 	C:\WINDOWS\SYSTEM32\kernel.appcore.dll
0x00007ffe711e0000 - 0x00007ffe711ea000 	C:\Program Files\Android\Android Studio\jbr\bin\jimage.dll
0x00007ffe7cf80000 - 0x00007ffe7d164000 	C:\WINDOWS\SYSTEM32\DBGHELP.DLL
0x00007ffe6c640000 - 0x00007ffe6c674000 	C:\WINDOWS\SYSTEM32\dbgcore.DLL
0x00007ffe7f980000 - 0x00007ffe7fa02000 	C:\WINDOWS\System32\bcryptPrimitives.dll
0x00007ffe6b7f0000 - 0x00007ffe6b810000 	C:\Program Files\Android\Android Studio\jbr\bin\java.dll

dbghelp: loaded successfully - version: 4.0.5 - missing functions: none
symbol engine: initialized successfully - sym options: 0x614 - pdb path: .;C:\Program Files\Android\Android Studio\jbr\bin;C:\WINDOWS\SYSTEM32;C:\WINDOWS\WinSxS\amd64_microsoft.windows.common-controls_6595b64144ccf1df_6.0.19041.4355_none_60b8b9eb71f62e16;C:\Program Files\Android\Android Studio\jbr\bin\server

VM Arguments:
jvm_args: -Dapplication.home=C:\Program Files\Android\Android Studio\jbr --add-modules=ALL-DEFAULT -Xms8m -Djdk.module.main=jdk.jlink 
java_command: jdk.jlink/jdk.tools.jlink.internal.Main --version
java_class_path (initial): <not set>
Launcher Type: SUN_STANDARD

[Global flags]
     intx CICompilerCount                          = 3                                         {product} {ergonomic}
     uint ConcGCThreads                            = 1                                         {product} {ergonomic}
     uint G1ConcRefinementThreads                  = 4                                         {product} {ergonomic}
   size_t G1HeapRegionSize                         = 1048576                                   {product} {ergonomic}
    uintx GCDrainStackTargetSize                   = 64                                        {product} {ergonomic}
   size_t InitialHeapSize                          = 8388608                                   {product} {command line}
   size_t MarkStackSize                            = 4194304                                   {product} {ergonomic}
   size_t MaxHeapSize                              = 2126512128                                {product} {ergonomic}
   size_t MinHeapDeltaBytes                        = 1048576                                   {product} {ergonomic}
   size_t MinHeapSize                              = 8388608                                   {product} {command line}
    uintx NonNMethodCodeHeapSize                   = 5832780                                {pd product} {ergonomic}
    uintx NonProfiledCodeHeapSize                  = 122912730                              {pd product} {ergonomic}
    uintx ProfiledCodeHeapSize                     = 122912730                              {pd product} {ergonomic}
    uintx ReservedCodeCacheSize                    = 251658240                              {pd product} {ergonomic}
     bool SegmentedCodeCache                       = true                                      {product} {ergonomic}
   size_t SoftMaxHeapSize                          = 2126512128                             {manageable} {ergonomic}
     bool UseCompressedOops                        = true                           {product lp64_product} {ergonomic}
     bool UseG1GC                                  = true                                      {product} {ergonomic}
     bool UseLargePagesIndividualAllocation        = false                                  {pd product} {ergonomic}

Logging:
Log output configuration:
 #0: stdout all=warning uptime,level,tags foldmultilines=false
 #1: stderr all=off uptime,level,tags foldmultilines=false

Environment Variables:
PATH=C:\Program Files (x86)\Common Files\Oracle\Java\javapath;C:\WINDOWS\system32;C:\WINDOWS;C:\WINDOWS\System32\Wbem;C:\WINDOWS\System32\WindowsPowerShell\v1.0\;C:\WINDOWS\System32\OpenSSH\;C:\Users\binch\AppData\Local\Microsoft\WindowsApps;
USERNAME=binch
OS=Windows_NT
PROCESSOR_IDENTIFIER=Intel64 Family 6 Model 61 Stepping 4, GenuineIntel
TMP=C:\Users\binch\AppData\Local\Temp
TEMP=C:\Users\binch\AppData\Local\Temp




Periodic native trim disabled

JNI global refs:
JNI global refs: 0, weak refs: 0

JNI global refs memory usage: 0, weak refs: 0

Process memory usage:
Resident Set Size: 10016K (0% of 8301904K total physical memory with 778208K free physical memory)

OOME stack traces (most recent first):
Classloader memory used:

---------------  S Y S T E M  ---------------

OS:
 Windows 10 , 64 bit Build 19041 (10.0.19041.5438)
OS uptime: 0 days 12:48 hours

CPU: total 4 (initial active 4) (2 cores per cpu, 2 threads per core) family 6 model 61 stepping 4 microcode 0x2d, cx8, cmov, fxsr, ht, mmx, 3dnowpref, sse, sse2, sse3, ssse3, sse4.1, sse4.2, popcnt, lzcnt, tsc, tscinvbit, avx, avx2, aes, erms, clmul, bmi1, bmi2, adx, fma, vzeroupper, clflush, rdtscp, f16c
Processor Information for all 4 processors :
  Max Mhz: 2201, Current Mhz: 2200, Mhz Limit: 2178

Memory: 4k page, system-wide physical 8107M (759M free)
TotalPageFile size 10155M (AvailPageFile size 5M)
current process WorkingSet (physical memory assigned to process): 9M, peak: 9M
current process commit charge ("private bytes"): 12M, peak: 13M

vm_info: OpenJDK 64-Bit Server VM (21.0.5+-13047016-b750.29) for windows-amd64 JRE (21.0.5+-13047016-b750.29), built on 2025-02-11T21:12:39Z by "builder" with MS VC++ 16.10 / 16.11 (VS2019)

END.
